2017-12-01 15:31:20,423 [main] [org.springframework.beans.factory.support.DefaultListableBeanFactory]-[DEBUG] Creating instance of bean '(inner bean)#525647f3#2'
2017-12-01 15:31:20,423 [main] [org.springframework.beans.factory.support.DefaultListableBeanFactory]-[DEBUG] Finished creating instance of bean '(inner bean)#525647f3#2'
2017-12-01 15:31:20,423 [main] [org.springframework.beans.factory.support.DefaultListableBeanFactory]-[DEBUG] Creating instance of bean '(inner bean)#5b733ef7#2'
2017-12-01 15:31:20,423 [main] [org.springframework.beans.factory.support.DefaultListableBeanFactory]-[DEBUG] Finished creating instance of bean '(inner bean)#5b733ef7#2'
2017-12-01 15:31:20,423 [main] [org.springframework.beans.factory.support.DefaultListableBeanFactory]-[DEBUG] Creating instance of bean '(inner bean)#77524ca7#2'
2017-12-01 15:31:20,423 [main] [org.springframework.beans.factory.support.DefaultListableBeanFactory]-[DEBUG] Creating instance of bean '(inner bean)#14b275bd#2'
2017-12-01 15:31:20,423 [main] [org.springframework.beans.factory.support.DefaultListableBeanFactory]-[DEBUG] Invoking afterPropertiesSet() on bean with name '(inner bean)#14b275bd#2'
2017-12-01 15:31:20,438 [main] [org.springframework.beans.factory.support.DefaultListableBeanFactory]-[DEBUG] Finished creating instance of bean '(inner bean)#14b275bd#2'
2017-12-01 15:31:20,438 [main] [org.springframework.beans.factory.support.DefaultListableBeanFactory]-[DEBUG] Finished creating instance of bean '(inner bean)#77524ca7#2'
2017-12-01 15:31:20,438 [main] [org.springframework.beans.factory.support.DefaultListableBeanFactory]-[DEBUG] Creating instance of bean '(inner bean)#284bdeed'
2017-12-01 15:31:20,438 [main] [org.springframework.beans.factory.support.DefaultListableBeanFactory]-[DEBUG] Finished creating instance of bean '(inner bean)#284bdeed'
2017-12-01 15:31:20,438 [main] [org.springframework.beans.factory.support.DefaultListableBeanFactory]-[DEBUG] Invoking afterPropertiesSet() on bean with name 'org.springframework.web.servlet.mvc.method.annotation.ExceptionHandlerExceptionResolver#0'
2017-12-01 15:31:20,438 [main] [org.springframework.web.servlet.mvc.method.annotation.ExceptionHandlerExceptionResolver]-[DEBUG] Looking for exception mappings: WebApplicationContext for namespace 'springmvc-servlet': startup date [Fri Dec 01 15:31:17 CST 2017]; parent: Root WebApplicationContext
2017-12-01 15:31:20,454 [main] [org.springframework.beans.factory.support.DefaultListableBeanFactory]-[DEBUG] Finished creating instance of bean 'org.springframework.web.servlet.mvc.method.annotation.ExceptionHandlerExceptionResolver#0'
2017-12-01 15:31:20,454 [main] [org.springframework.beans.factory.support.DefaultListableBeanFactory]-[DEBUG] Creating shared instance of singleton bean 'org.springframework.web.servlet.mvc.annotation.ResponseStatusExceptionResolver#0'
2017-12-01 15:31:20,454 [main] [org.springframework.beans.factory.support.DefaultListableBeanFactory]-[DEBUG] Creating instance of bean 'org.springframework.web.servlet.mvc.annotation.ResponseStatusExceptionResolver#0'
2017-12-01 15:31:20,454 [main] [org.springframework.beans.factory.support.DefaultListableBeanFactory]-[DEBUG] Eagerly caching bean 'org.springframework.web.servlet.mvc.annotation.ResponseStatusExceptionResolver#0' to allow for resolving potential circular references
2017-12-01 15:31:20,454 [main] [org.springframework.beans.factory.support.DefaultListableBeanFactory]-[DEBUG] Finished creating instance of bean 'org.springframework.web.servlet.mvc.annotation.ResponseStatusExceptionResolver#0'
2017-12-01 15:31:20,454 [main] [org.springframework.beans.factory.support.DefaultListableBeanFactory]-[DEBUG] Creating shared instance of singleton bean 'org.springframework.web.servlet.mvc.support.DefaultHandlerExceptionResolver#0'
2017-12-01 15:31:20,454 [main] [org.springframework.beans.factory.support.DefaultListableBeanFactory]-[DEBUG] Creating instance of bean 'org.springframework.web.servlet.mvc.support.DefaultHandlerExceptionResolver#0'
2017-12-01 15:31:20,454 [main] [org.springframework.beans.factory.support.DefaultListableBeanFactory]-[DEBUG] Eagerly caching bean 'org.springframework.web.servlet.mvc.support.DefaultHandlerExceptionResolver#0' to allow for resolving potential circular references
2017-12-01 15:31:20,454 [main] [org.springframework.beans.factory.support.DefaultListableBeanFactory]-[DEBUG] Finished creating instance of bean 'org.springframework.web.servlet.mvc.support.DefaultHandlerExceptionResolver#0'
2017-12-01 15:31:20,470 [main] [org.springframework.beans.factory.support.DefaultListableBeanFactory]-[DEBUG] Creating shared instance of singleton bean 'org.springframework.web.servlet.handler.BeanNameUrlHandlerMapping'
2017-12-01 15:31:20,470 [main] [org.springframework.beans.factory.support.DefaultListableBeanFactory]-[DEBUG] Creating instance of bean 'org.springframework.web.servlet.handler.BeanNameUrlHandlerMapping'
2017-12-01 15:31:20,470 [main] [org.springframework.beans.factory.support.DefaultListableBeanFactory]-[DEBUG] Eagerly caching bean 'org.springframework.web.servlet.handler.BeanNameUrlHandlerMapping' to allow for resolving potential circular references
2017-12-01 15:31:20,501 [main] [org.springframework.beans.factory.support.DefaultListableBeanFactory]-[DEBUG] Returning cached instance of singleton bean 'mvcCorsConfigurations'
2017-12-01 15:31:20,501 [main] [org.springframework.beans.factory.support.DefaultListableBeanFactory]-[DEBUG] Returning cached instance of singleton bean 'org.springframework.web.servlet.handler.MappedInterceptor#0'
2017-12-01 15:31:20,501 [main] [org.springframework.web.servlet.handler.BeanNameUrlHandlerMapping]-[DEBUG] Looking for URL mappings in application context: WebApplicationContext for namespace 'springmvc-servlet': startup date [Fri Dec 01 15:31:17 CST 2017]; parent: Root WebApplicationContext
2017-12-01 15:31:20,501 [main] [org.springframework.web.servlet.handler.BeanNameUrlHandlerMapping]-[DEBUG] Rejected bean name 'pageController': no URL paths identified
2017-12-01 15:31:20,501 [main] [org.springframework.web.servlet.handler.BeanNameUrlHandlerMapping]-[DEBUG] Rejected bean name 'org.springframework.context.annotation.internalConfigurationAnnotationProcessor': no URL paths identified
2017-12-01 15:31:20,501 [main] [org.springframework.web.servlet.handler.BeanNameUrlHandlerMapping]-[DEBUG] Rejected bean name 'org.springframework.context.annotation.internalAutowiredAnnotationProcessor': no URL paths identified
2017-12-01 15:31:20,501 [main] [org.springframework.web.servlet.handler.BeanNameUrlHandlerMapping]-[DEBUG] Rejected bean name 'org.springframework.context.annotation.internalRequiredAnnotationProcessor': no URL paths identified
2017-12-01 15:31:20,501 [main] [org.springframework.web.servlet.handler.BeanNameUrlHandlerMapping]-[DEBUG] Rejected bean name 'org.springframework.context.annotation.internalCommonAnnotationProcessor': no URL paths identified
2017-12-01 15:31:20,501 [main] [org.springframework.web.servlet.handler.BeanNameUrlHandlerMapping]-[DEBUG] Rejected bean name 'org.springframework.context.event.internalEventListenerProcessor': no URL paths identified
2017-12-01 15:31:20,501 [main] [org.springframework.web.servlet.handler.BeanNameUrlHandlerMapping]-[DEBUG] Rejected bean name 'org.springframework.context.event.internalEventListenerFactory': no URL paths identified
2017-12-01 15:31:20,501 [main] [org.springframework.web.servlet.handler.BeanNameUrlHandlerMapping]-[DEBUG] Rejected bean name 'org.springframework.web.servlet.view.InternalResourceViewResolver#0': no URL paths identified
2017-12-01 15:31:20,501 [main] [org.springframework.web.servlet.handler.BeanNameUrlHandlerMapping]-[DEBUG] Rejected bean name 'multipartResolver': no URL paths identified
2017-12-01 15:31:20,501 [main] [org.springframework.web.servlet.handler.BeanNameUrlHandlerMapping]-[DEBUG] Rejected bean name 'mvcContentNegotiationManager': no URL paths identified
2017-12-01 15:31:20,501 [main] [org.springframework.web.servlet.handler.BeanNameUrlHandlerMapping]-[DEBUG] Rejected bean name 'org.springframework.web.servlet.mvc.method.annotation.RequestMappingHandlerMapping': no URL paths identified
2017-12-01 15:31:20,501 [main] [org.springframework.web.servlet.handler.BeanNameUrlHandlerMapping]-[DEBUG] Rejected bean name 'mvcCorsConfigurations': no URL paths identified
2017-12-01 15:31:20,501 [main] [org.springframework.web.servlet.handler.BeanNameUrlHandlerMapping]-[DEBUG] Rejected bean name 'org.springframework.format.support.FormattingConversionServiceFactoryBean#0': no URL paths identified
2017-12-01 15:31:20,501 [main] [org.springframework.web.servlet.handler.BeanNameUrlHandlerMapping]-[DEBUG] Rejected bean name 'org.springframework.web.servlet.mvc.method.annotation.RequestMappingHandlerAdapter': no URL paths identified
2017-12-01 15:31:20,501 [main] [org.springframework.web.servlet.handler.BeanNameUrlHandlerMapping]-[DEBUG] Rejected bean name 'mvcUriComponentsContributor': no URL paths identified
2017-12-01 15:31:20,501 [main] [org.springframework.web.servlet.handler.BeanNameUrlHandlerMapping]-[DEBUG] Rejected bean name 'org.springframework.web.servlet.handler.MappedInterceptor#0': no URL paths identified
2017-12-01 15:31:20,501 [main] [org.springframework.web.servlet.handler.BeanNameUrlHandlerMapping]-[DEBUG] Rejected bean name 'org.springframework.web.servlet.mvc.method.annotation.ExceptionHandlerExceptionResolver#0': no URL paths identified
2017-12-01 15:31:20,517 [main] [org.springframework.web.servlet.handler.BeanNameUrlHandlerMapping]-[DEBUG] Rejected bean name 'org.springframework.web.servlet.mvc.annotation.ResponseStatusExceptionResolver#0': no URL paths identified
2017-12-01 15:31:20,517 [main] [org.springframework.web.servlet.handler.BeanNameUrlHandlerMapping]-[DEBUG] Rejected bean name 'org.springframework.web.servlet.mvc.support.DefaultHandlerExceptionResolver#0': no URL paths identified
2017-12-01 15:31:20,517 [main] [org.springframework.web.servlet.handler.BeanNameUrlHandlerMapping]-[DEBUG] Rejected bean name 'org.springframework.web.servlet.handler.BeanNameUrlHandlerMapping': no URL paths identified
2017-12-01 15:31:20,517 [main] [org.springframework.web.servlet.handler.BeanNameUrlHandlerMapping]-[DEBUG] Rejected bean name 'org.springframework.web.servlet.mvc.HttpRequestHandlerAdapter': no URL paths identified
2017-12-01 15:31:20,517 [main] [org.springframework.web.servlet.handler.BeanNameUrlHandlerMapping]-[DEBUG] Rejected bean name 'org.springframework.web.servlet.mvc.SimpleControllerHandlerAdapter': no URL paths identified
2017-12-01 15:31:20,517 [main] [org.springframework.web.servlet.handler.BeanNameUrlHandlerMapping]-[DEBUG] Rejected bean name 'org.springframework.web.servlet.resource.DefaultServletHttpRequestHandler#0': no URL paths identified
2017-12-01 15:31:20,517 [main] [org.springframework.web.servlet.handler.BeanNameUrlHandlerMapping]-[DEBUG] Rejected bean name 'org.springframework.web.servlet.handler.SimpleUrlHandlerMapping#0': no URL paths identified
2017-12-01 15:31:20,517 [main] [org.springframework.web.servlet.handler.BeanNameUrlHandlerMapping]-[DEBUG] Rejected bean name 'environment': no URL paths identified
2017-12-01 15:31:20,517 [main] [org.springframework.web.servlet.handler.BeanNameUrlHandlerMapping]-[DEBUG] Rejected bean name 'systemProperties': no URL paths identified
2017-12-01 15:31:20,517 [main] [org.springframework.web.servlet.handler.BeanNameUrlHandlerMapping]-[DEBUG] Rejected bean name 'systemEnvironment': no URL paths identified
2017-12-01 15:31:20,517 [main] [org.springframework.web.servlet.handler.BeanNameUrlHandlerMapping]-[DEBUG] Rejected bean name 'servletConfig': no URL paths identified
2017-12-01 15:31:20,517 [main] [org.springframework.web.servlet.handler.BeanNameUrlHandlerMapping]-[DEBUG] Rejected bean name 'org.springframework.context.annotation.ConfigurationClassPostProcessor.importRegistry': no URL paths identified
2017-12-01 15:31:20,517 [main] [org.springframework.web.servlet.handler.BeanNameUrlHandlerMapping]-[DEBUG] Rejected bean name 'messageSource': no URL paths identified
2017-12-01 15:31:20,517 [main] [org.springframework.web.servlet.handler.BeanNameUrlHandlerMapping]-[DEBUG] Rejected bean name 'applicationEventMulticaster': no URL paths identified
2017-12-01 15:31:20,517 [main] [org.springframework.beans.factory.support.DefaultListableBeanFactory]-[DEBUG] Finished creating instance of bean 'org.springframework.web.servlet.handler.BeanNameUrlHandlerMapping'
2017-12-01 15:31:20,517 [main] [org.springframework.beans.factory.support.DefaultListableBeanFactory]-[DEBUG] Creating shared instance of singleton bean 'org.springframework.web.servlet.mvc.HttpRequestHandlerAdapter'
2017-12-01 15:31:20,517 [main] [org.springframework.beans.factory.support.DefaultListableBeanFactory]-[DEBUG] Creating instance of bean 'org.springframework.web.servlet.mvc.HttpRequestHandlerAdapter'
2017-12-01 15:31:20,517 [main] [org.springframework.beans.factory.support.DefaultListableBeanFactory]-[DEBUG] Eagerly caching bean 'org.springframework.web.servlet.mvc.HttpRequestHandlerAdapter' to allow for resolving potential circular references
2017-12-01 15:31:20,517 [main] [org.springframework.beans.factory.support.DefaultListableBeanFactory]-[DEBUG] Finished creating instance of bean 'org.springframework.web.servlet.mvc.HttpRequestHandlerAdapter'
2017-12-01 15:31:20,517 [main] [org.springframework.beans.factory.support.DefaultListableBeanFactory]-[DEBUG] Creating shared instance of singleton bean 'org.springframework.web.servlet.mvc.SimpleControllerHandlerAdapter'
2017-12-01 15:31:20,532 [main] [org.springframework.beans.factory.support.DefaultListableBeanFactory]-[DEBUG] Creating instance of bean 'org.springframework.web.servlet.mvc.SimpleControllerHandlerAdapter'
2017-12-01 15:31:20,532 [main] [org.springframework.beans.factory.support.DefaultListableBeanFactory]-[DEBUG] Eagerly caching bean 'org.springframework.web.servlet.mvc.SimpleControllerHandlerAdapter' to allow for resolving potential circular references
2017-12-01 15:31:20,532 [main] [org.springframework.beans.factory.support.DefaultListableBeanFactory]-[DEBUG] Finished creating instance of bean 'org.springframework.web.servlet.mvc.SimpleControllerHandlerAdapter'
2017-12-01 15:31:20,532 [main] [org.springframework.beans.factory.support.DefaultListableBeanFactory]-[DEBUG] Creating shared instance of singleton bean 'org.springframework.web.servlet.resource.DefaultServletHttpRequestHandler#0'
2017-12-01 15:31:20,532 [main] [org.springframework.beans.factory.support.DefaultListableBeanFactory]-[DEBUG] Creating instance of bean 'org.springframework.web.servlet.resource.DefaultServletHttpRequestHandler#0'
2017-12-01 15:31:20,532 [main] [org.springframework.beans.factory.support.DefaultListableBeanFactory]-[DEBUG] Eagerly caching bean 'org.springframework.web.servlet.resource.DefaultServletHttpRequestHandler#0' to allow for resolving potential circular references
2017-12-01 15:31:20,532 [main] [org.springframework.beans.factory.support.DefaultListableBeanFactory]-[DEBUG] Finished creating instance of bean 'org.springframework.web.servlet.resource.DefaultServletHttpRequestHandler#0'
2017-12-01 15:31:20,532 [main] [org.springframework.beans.factory.support.DefaultListableBeanFactory]-[DEBUG] Creating shared instance of singleton bean 'org.springframework.web.servlet.handler.SimpleUrlHandlerMapping#0'
2017-12-01 15:31:20,532 [main] [org.springframework.beans.factory.support.DefaultListableBeanFactory]-[DEBUG] Creating instance of bean 'org.springframework.web.servlet.handler.SimpleUrlHandlerMapping#0'
2017-12-01 15:31:20,532 [main] [org.springframework.beans.factory.support.DefaultListableBeanFactory]-[DEBUG] Eagerly caching bean 'org.springframework.web.servlet.handler.SimpleUrlHandlerMapping#0' to allow for resolving potential circular references
2017-12-01 15:31:20,548 [main] [org.springframework.beans.factory.support.DefaultListableBeanFactory]-[DEBUG] Returning cached instance of singleton bean 'org.springframework.web.servlet.handler.MappedInterceptor#0'
2017-12-01 15:31:20,548 [main] [org.springframework.beans.factory.support.DefaultListableBeanFactory]-[DEBUG] Returning cached instance of singleton bean 'org.springframework.web.servlet.resource.DefaultServletHttpRequestHandler#0'
2017-12-01 15:31:20,548 [main] [org.springframework.web.servlet.handler.SimpleUrlHandlerMapping]-[INFO] Mapped URL path [/**] onto handler 'org.springframework.web.servlet.resource.DefaultServletHttpRequestHandler#0'
2017-12-01 15:31:20,548 [main] [org.springframework.beans.factory.support.DefaultListableBeanFactory]-[DEBUG] Finished creating instance of bean 'org.springframework.web.servlet.handler.SimpleUrlHandlerMapping#0'
2017-12-01 15:31:20,548 [main] [org.springframework.beans.factory.support.DefaultListableBeanFactory]-[DEBUG] Returning cached instance of singleton bean 'org.springframework.context.event.internalEventListenerFactory'
2017-12-01 15:31:20,595 [main] [org.springframework.web.context.support.XmlWebApplicationContext]-[DEBUG] Unable to locate LifecycleProcessor with name 'lifecycleProcessor': using default [org.springframework.context.support.DefaultLifecycleProcessor@4aed311e]
2017-12-01 15:31:20,595 [main] [org.springframework.beans.factory.support.DefaultListableBeanFactory]-[DEBUG] Returning cached instance of singleton bean 'lifecycleProcessor'
2017-12-01 15:31:20,595 [main] [org.springframework.beans.factory.support.DefaultListableBeanFactory]-[DEBUG] Returning cached instance of singleton bean 'multipartResolver'
2017-12-01 15:31:20,595 [main] [org.springframework.web.servlet.DispatcherServlet]-[DEBUG] Using MultipartResolver [org.springframework.web.multipart.commons.CommonsMultipartResolver@4c38cd16]
2017-12-01 15:31:20,595 [main] [org.springframework.beans.factory.support.DefaultListableBeanFactory]-[DEBUG] Creating instance of bean 'org.springframework.web.servlet.i18n.AcceptHeaderLocaleResolver'
2017-12-01 15:31:20,595 [main] [org.springframework.beans.factory.support.DefaultListableBeanFactory]-[DEBUG] Finished creating instance of bean 'org.springframework.web.servlet.i18n.AcceptHeaderLocaleResolver'
2017-12-01 15:31:20,595 [main] [org.springframework.web.servlet.DispatcherServlet]-[DEBUG] Unable to locate LocaleResolver with name 'localeResolver': using default [org.springframework.web.servlet.i18n.AcceptHeaderLocaleResolver@3e856100]
2017-12-01 15:31:20,595 [main] [org.springframework.beans.factory.support.DefaultListableBeanFactory]-[DEBUG] Creating instance of bean 'org.springframework.web.servlet.theme.FixedThemeResolver'
2017-12-01 15:31:20,626 [main] [org.springframework.beans.factory.support.DefaultListableBeanFactory]-[DEBUG] Finished creating instance of bean 'org.springframework.web.servlet.theme.FixedThemeResolver'
2017-12-01 15:31:20,626 [main] [org.springframework.web.servlet.DispatcherServlet]-[DEBUG] Unable to locate ThemeResolver with name 'themeResolver': using default [org.springframework.web.servlet.theme.FixedThemeResolver@41e9f86]
2017-12-01 15:31:20,626 [main] [org.springframework.beans.factory.support.DefaultListableBeanFactory]-[DEBUG] Returning cached instance of singleton bean 'org.springframework.web.servlet.mvc.method.annotation.RequestMappingHandlerMapping'
2017-12-01 15:31:20,626 [main] [org.springframework.beans.factory.support.DefaultListableBeanFactory]-[DEBUG] Returning cached instance of singleton bean 'org.springframework.web.servlet.handler.BeanNameUrlHandlerMapping'
2017-12-01 15:31:20,626 [main] [org.springframework.beans.factory.support.DefaultListableBeanFactory]-[DEBUG] Returning cached instance of singleton bean 'org.springframework.web.servlet.handler.SimpleUrlHandlerMapping#0'
2017-12-01 15:31:20,626 [main] [org.springframework.beans.factory.support.DefaultListableBeanFactory]-[DEBUG] Returning cached instance of singleton bean 'org.springframework.web.servlet.mvc.method.annotation.RequestMappingHandlerAdapter'
2017-12-01 15:31:20,626 [main] [org.springframework.beans.factory.support.DefaultListableBeanFactory]-[DEBUG] Returning cached instance of singleton bean 'org.springframework.web.servlet.mvc.HttpRequestHandlerAdapter'
2017-12-01 15:31:20,626 [main] [org.springframework.beans.factory.support.DefaultListableBeanFactory]-[DEBUG] Returning cached instance of singleton bean 'org.springframework.web.servlet.mvc.SimpleControllerHandlerAdapter'
2017-12-01 15:31:20,626 [main] [org.springframework.beans.factory.support.DefaultListableBeanFactory]-[DEBUG] Returning cached instance of singleton bean 'org.springframework.web.servlet.mvc.method.annotation.ExceptionHandlerExceptionResolver#0'
2017-12-01 15:31:20,626 [main] [org.springframework.beans.factory.support.DefaultListableBeanFactory]-[DEBUG] Returning cached instance of singleton bean 'org.springframework.web.servlet.mvc.annotation.ResponseStatusExceptionResolver#0'
2017-12-01 15:31:20,626 [main] [org.springframework.beans.factory.support.DefaultListableBeanFactory]-[DEBUG] Returning cached instance of singleton bean 'org.springframework.web.servlet.mvc.support.DefaultHandlerExceptionResolver#0'
2017-12-01 15:31:20,626 [main] [org.springframework.beans.factory.support.DefaultListableBeanFactory]-[DEBUG] Creating instance of bean 'org.springframework.web.servlet.view.DefaultRequestToViewNameTranslator'
2017-12-01 15:31:20,642 [main] [org.springframework.beans.factory.support.DefaultListableBeanFactory]-[DEBUG] Finished creating instance of bean 'org.springframework.web.servlet.view.DefaultRequestToViewNameTranslator'
2017-12-01 15:31:20,642 [main] [org.springframework.web.servlet.DispatcherServlet]-[DEBUG] Unable to locate RequestToViewNameTranslator with name 'viewNameTranslator': using default [org.springframework.web.servlet.view.DefaultRequestToViewNameTranslator@4be490da]
2017-12-01 15:31:20,642 [main] [org.springframework.beans.factory.support.DefaultListableBeanFactory]-[DEBUG] Returning cached instance of singleton bean 'org.springframework.web.servlet.view.InternalResourceViewResolver#0'
2017-12-01 15:31:20,642 [main] [org.springframework.beans.factory.support.DefaultListableBeanFactory]-[DEBUG] Creating instance of bean 'org.springframework.web.servlet.support.SessionFlashMapManager'
2017-12-01 15:31:20,720 [main] [org.springframework.beans.factory.support.DefaultListableBeanFactory]-[DEBUG] Finished creating instance of bean 'org.springframework.web.servlet.support.SessionFlashMapManager'
2017-12-01 15:31:20,720 [main] [org.springframework.web.servlet.DispatcherServlet]-[DEBUG] Unable to locate FlashMapManager with name 'flashMapManager': using default [org.springframework.web.servlet.support.SessionFlashMapManager@5a48da4f]
2017-12-01 15:31:20,720 [main] [org.springframework.jndi.JndiTemplate]-[DEBUG] Looking up JNDI object with name [java:comp/env/spring.liveBeansView.mbeanDomain]
2017-12-01 15:31:20,720 [main] [org.springframework.jndi.JndiLocatorDelegate]-[DEBUG] Converted JNDI name [java:comp/env/spring.liveBeansView.mbeanDomain] not found - trying original name [spring.liveBeansView.mbeanDomain]. javax.naming.NameNotFoundException; remaining name 'spring.liveBeansView.mbeanDomain'
2017-12-01 15:31:20,720 [main] [org.springframework.jndi.JndiTemplate]-[DEBUG] Looking up JNDI object with name [spring.liveBeansView.mbeanDomain]
2017-12-01 15:31:20,720 [main] [org.springframework.jndi.JndiPropertySource]-[DEBUG] JNDI lookup for name [spring.liveBeansView.mbeanDomain] threw NamingException with message: null. Returning null.
2017-12-01 15:31:20,720 [main] [org.springframework.core.env.PropertySourcesPropertyResolver]-[DEBUG] Could not find key 'spring.liveBeansView.mbeanDomain' in any property source
2017-12-01 15:31:20,720 [main] [org.springframework.web.servlet.DispatcherServlet]-[DEBUG] Published WebApplicationContext of servlet 'springmvc' as ServletContext attribute with name [org.springframework.web.servlet.FrameworkServlet.CONTEXT.springmvc]
2017-12-01 15:31:20,720 [main] [org.springframework.web.servlet.DispatcherServlet]-[INFO] FrameworkServlet 'springmvc': initialization completed in 3245 ms
2017-12-01 15:31:20,720 [main] [org.springframework.web.servlet.DispatcherServlet]-[DEBUG] Servlet 'springmvc' configured successfully
